2012/12/21 13:10:50 [error] [exception.CHttpException.404] exception 'CHttpException' with message 'Unable to resolve the request "gii".' in E:\xampp\htdocs\yii-sites\yii\framework\web\CWebApplication.php:287
Stack trace:
#0 E:\xampp\htdocs\yii-sites\yii\framework\web\CWebApplication.php(142): CWebApplication->runController('gii')
#1 E:\xampp\htdocs\yii-sites\yii\framework\base\CApplication.php(162): CWebApplication->processRequest()
#2 E:\xampp\htdocs\yii-sites\blog\index.php(13): CApplication->run()
#3 {main}
REQUEST_URI=/yii-sites/blog/index.php?r=gii
---
2012/12/21 13:47:23 [error] [exception.CHttpException.404] exception 'CHttpException' with message 'Unable to resolve the request "dveri".' in E:\xampp\htdocs\yii-sites\yii\framework\web\CWebApplication.php:287
Stack trace:
#0 E:\xampp\htdocs\yii-sites\yii\framework\web\CWebApplication.php(142): CWebApplication->runController('dveri')
#1 E:\xampp\htdocs\yii-sites\yii\framework\base\CApplication.php(162): CWebApplication->processRequest()
#2 E:\xampp\htdocs\yii-sites\blog\index.php(13): CApplication->run()
#3 {main}
REQUEST_URI=/yii-sites/blog/index.php?r=dveri
---
2012/12/21 13:47:31 [error] [exception.CException] exception 'CException' with message 'SiteController cannot find the requested view "dveri".' in E:\xampp\htdocs\yii-sites\yii\framework\web\CController.php:879
Stack trace:
#0 E:\xampp\htdocs\yii-sites\yii\framework\web\CController.php(783): CController->renderPartial('dveri', Array, true)
#1 E:\xampp\htdocs\yii-sites\blog\protected\controllers\SiteController.php(132): CController->render('dveri', Array)
#2 E:\xampp\htdocs\yii-sites\yii\framework\web\actions\CInlineAction.php(50): SiteController->actionDveri()
#3 E:\xampp\htdocs\yii-sites\yii\framework\web\CController.php(309): CInlineAction->runWithParams(Array)
#4 E:\xampp\htdocs\yii-sites\yii\framework\web\CController.php(287): CController->runAction(Object(CInlineAction))
#5 E:\xampp\htdocs\yii-sites\yii\framework\web\CController.php(266): CController->runActionWithFilters(Object(CInlineAction), Array)
#6 E:\xampp\htdocs\yii-sites\yii\framework\web\CWebApplication.php(283): CController->run('dveri')
#7 E:\xampp\htdocs\yii-sites\yii\framework\web\CWebApplication.php(142): CWebApplication->runController('site/dveri')
#8 E:\xampp\htdocs\yii-sites\yii\framework\base\CApplication.php(162): CWebApplication->processRequest()
#9 E:\xampp\htdocs\yii-sites\blog\index.php(13): CApplication->run()
#10 {main}
REQUEST_URI=/yii-sites/blog/index.php?r=site/dveri
---
2012/12/21 13:49:12 [warning] [application] Failed to set unsafe attribute "id" of "Dveri".
in E:\xampp\htdocs\yii-sites\blog\protected\controllers\SiteController.php (125)
in E:\xampp\htdocs\yii-sites\blog\index.php (13)
2012/12/21 13:49:23 [warning] [application] Failed to set unsafe attribute "id" of "Dveri".
in E:\xampp\htdocs\yii-sites\blog\protected\controllers\SiteController.php (125)
in E:\xampp\htdocs\yii-sites\blog\index.php (13)
2012/12/21 13:49:30 [warning] [application] Failed to set unsafe attribute "id" of "Dveri".
in E:\xampp\htdocs\yii-sites\blog\protected\controllers\SiteController.php (125)
in E:\xampp\htdocs\yii-sites\blog\index.php (13)
