2012/09/26 15:00:37 [error] [exception.CHttpException.404] exception 'CHttpException' with message 'The system is unable to find the requested action "index".' in E:\xampp\htdocs\yii-sites\yii\framework\web\CController.php:484
Stack trace:
#0 E:\xampp\htdocs\yii-sites\yii\framework\web\CController.php(271): CController->missingAction('')
#1 E:\xampp\htdocs\yii-sites\yii\framework\web\CWebApplication.php(283): CController->run('')
#2 E:\xampp\htdocs\yii-sites\yii\framework\web\CWebApplication.php(142): CWebApplication->runController('welcome')
#3 E:\xampp\htdocs\yii-sites\yii\framework\base\CApplication.php(162): CWebApplication->processRequest()
#4 E:\xampp\htdocs\yii-sites\desired\index.php(13): CApplication->run()
#5 {main}
REQUEST_URI=/yii-sites/desired/index.php?r=welcome
---
2012/09/26 15:01:03 [error] [exception.CHttpException.404] exception 'CHttpException' with message 'The system is unable to find the requested action "forgot".' in E:\xampp\htdocs\yii-sites\yii\framework\web\CController.php:484
Stack trace:
#0 E:\xampp\htdocs\yii-sites\yii\framework\web\CController.php(271): CController->missingAction('forgot')
#1 E:\xampp\htdocs\yii-sites\yii\framework\web\CWebApplication.php(283): CController->run('forgot')
#2 E:\xampp\htdocs\yii-sites\yii\framework\web\CWebApplication.php(142): CWebApplication->runController('welcome/forgot')
#3 E:\xampp\htdocs\yii-sites\yii\framework\base\CApplication.php(162): CWebApplication->processRequest()
#4 E:\xampp\htdocs\yii-sites\desired\index.php(13): CApplication->run()
#5 {main}
REQUEST_URI=/yii-sites/desired/index.php?r=welcome/forgot
---
2012/09/27 07:15:43 [error] [php] Undefined variable: model (E:\xampp\htdocs\yii-sites\desired\protected\views\welcome\home.php:18)
Stack trace:
#0 E:\xampp\htdocs\yii-sites\yii\framework\web\CController.php(870): WelcomeController->renderFile()
#1 E:\xampp\htdocs\yii-sites\yii\framework\web\CController.php(783): WelcomeController->renderPartial()
#2 E:\xampp\htdocs\yii-sites\desired\protected\controllers\WelcomeController.php(9): WelcomeController->render()
#3 E:\xampp\htdocs\yii-sites\yii\framework\web\actions\CInlineAction.php(50): WelcomeController->actionHome()
#4 E:\xampp\htdocs\yii-sites\yii\framework\web\CController.php(309): CInlineAction->runWithParams()
#5 E:\xampp\htdocs\yii-sites\yii\framework\web\CController.php(287): WelcomeController->runAction()
#6 E:\xampp\htdocs\yii-sites\yii\framework\web\CController.php(266): WelcomeController->runActionWithFilters()
#7 E:\xampp\htdocs\yii-sites\yii\framework\web\CWebApplication.php(283): WelcomeController->run()
#8 E:\xampp\htdocs\yii-sites\yii\framework\web\CWebApplication.php(142): CWebApplication->runController()
#9 E:\xampp\htdocs\yii-sites\yii\framework\base\CApplication.php(162): CWebApplication->processRequest()
#10 E:\xampp\htdocs\yii-sites\desired\index.php(13): CWebApplication->run()
REQUEST_URI=/yii-sites/desired/
in E:\xampp\htdocs\yii-sites\desired\protected\views\welcome\home.php (18)
in E:\xampp\htdocs\yii-sites\desired\protected\controllers\WelcomeController.php (9)
in E:\xampp\htdocs\yii-sites\desired\index.php (13)
2012/09/27 07:19:05 [error] [php] Undefined variable: model (E:\xampp\htdocs\yii-sites\desired\protected\views\welcome\home.php:18)
Stack trace:
#0 E:\xampp\htdocs\yii-sites\yii\framework\web\CController.php(870): WelcomeController->renderFile()
#1 E:\xampp\htdocs\yii-sites\yii\framework\web\CController.php(783): WelcomeController->renderPartial()
#2 E:\xampp\htdocs\yii-sites\desired\protected\controllers\WelcomeController.php(14): WelcomeController->render()
#3 E:\xampp\htdocs\yii-sites\yii\framework\web\actions\CInlineAction.php(50): WelcomeController->actionHome()
#4 E:\xampp\htdocs\yii-sites\yii\framework\web\CController.php(309): CInlineAction->runWithParams()
#5 E:\xampp\htdocs\yii-sites\yii\framework\web\CController.php(287): WelcomeController->runAction()
#6 E:\xampp\htdocs\yii-sites\yii\framework\web\CController.php(266): WelcomeController->runActionWithFilters()
#7 E:\xampp\htdocs\yii-sites\yii\framework\web\CWebApplication.php(283): WelcomeController->run()
#8 E:\xampp\htdocs\yii-sites\yii\framework\web\CWebApplication.php(142): CWebApplication->runController()
#9 E:\xampp\htdocs\yii-sites\yii\framework\base\CApplication.php(162): CWebApplication->processRequest()
#10 E:\xampp\htdocs\yii-sites\desired\index.php(13): CWebApplication->run()
REQUEST_URI=/yii-sites/desired/
in E:\xampp\htdocs\yii-sites\desired\protected\views\welcome\home.php (18)
in E:\xampp\htdocs\yii-sites\desired\protected\controllers\WelcomeController.php (14)
in E:\xampp\htdocs\yii-sites\desired\index.php (13)
2012/09/27 07:19:05 [error] [php] Undefined variable: model (E:\xampp\htdocs\yii-sites\desired\protected\views\welcome\home.php:18)
Stack trace:
#0 E:\xampp\htdocs\yii-sites\yii\framework\web\CController.php(870): WelcomeController->renderFile()
#1 E:\xampp\htdocs\yii-sites\yii\framework\web\CController.php(783): WelcomeController->renderPartial()
#2 E:\xampp\htdocs\yii-sites\desired\protected\controllers\WelcomeController.php(14): WelcomeController->render()
#3 E:\xampp\htdocs\yii-sites\yii\framework\web\actions\CInlineAction.php(50): WelcomeController->actionHome()
#4 E:\xampp\htdocs\yii-sites\yii\framework\web\CController.php(309): CInlineAction->runWithParams()
#5 E:\xampp\htdocs\yii-sites\yii\framework\web\CController.php(287): WelcomeController->runAction()
#6 E:\xampp\htdocs\yii-sites\yii\framework\web\CController.php(266): WelcomeController->runActionWithFilters()
#7 E:\xampp\htdocs\yii-sites\yii\framework\web\CWebApplication.php(283): WelcomeController->run()
#8 E:\xampp\htdocs\yii-sites\yii\framework\web\CWebApplication.php(142): CWebApplication->runController()
#9 E:\xampp\htdocs\yii-sites\yii\framework\base\CApplication.php(162): CWebApplication->processRequest()
#10 E:\xampp\htdocs\yii-sites\desired\index.php(13): CWebApplication->run()
REQUEST_URI=/yii-sites/desired/
in E:\xampp\htdocs\yii-sites\desired\protected\views\welcome\home.php (18)
in E:\xampp\htdocs\yii-sites\desired\protected\controllers\WelcomeController.php (14)
in E:\xampp\htdocs\yii-sites\desired\index.php (13)
2012/09/27 07:38:06 [error] [php] Undefined variable: model (E:\xampp\htdocs\yii-sites\desired\protected\views\welcome\home.php:18)
Stack trace:
#0 E:\xampp\htdocs\yii-sites\yii\framework\web\CController.php(870): WelcomeController->renderFile()
#1 E:\xampp\htdocs\yii-sites\yii\framework\web\CController.php(783): WelcomeController->renderPartial()
#2 E:\xampp\htdocs\yii-sites\desired\protected\controllers\WelcomeController.php(14): WelcomeController->render()
#3 E:\xampp\htdocs\yii-sites\yii\framework\web\actions\CInlineAction.php(50): WelcomeController->actionHome()
#4 E:\xampp\htdocs\yii-sites\yii\framework\web\CController.php(309): CInlineAction->runWithParams()
#5 E:\xampp\htdocs\yii-sites\yii\framework\web\CController.php(287): WelcomeController->runAction()
#6 E:\xampp\htdocs\yii-sites\yii\framework\web\CController.php(266): WelcomeController->runActionWithFilters()
#7 E:\xampp\htdocs\yii-sites\yii\framework\web\CWebApplication.php(283): WelcomeController->run()
#8 E:\xampp\htdocs\yii-sites\yii\framework\web\CWebApplication.php(142): CWebApplication->runController()
#9 E:\xampp\htdocs\yii-sites\yii\framework\base\CApplication.php(162): CWebApplication->processRequest()
#10 E:\xampp\htdocs\yii-sites\desired\index.php(13): CWebApplication->run()
REQUEST_URI=/yii-sites/desired/
in E:\xampp\htdocs\yii-sites\desired\protected\views\welcome\home.php (18)
in E:\xampp\htdocs\yii-sites\desired\protected\controllers\WelcomeController.php (14)
in E:\xampp\htdocs\yii-sites\desired\index.php (13)
2012/09/27 07:46:42 [error] [exception.CException] exception 'CException' with message 'Property "LoginForm.email" is not defined.' in E:\xampp\htdocs\yii-sites\yii\framework\base\CComponent.php:131
Stack trace:
#0 E:\xampp\htdocs\yii-sites\yii\framework\web\helpers\CHtml.php(2158): CComponent->__get('email')
#1 E:\xampp\htdocs\yii-sites\yii\framework\web\helpers\CHtml.php(1887): CHtml::resolveValue(Object(LoginForm), 'email')
#2 E:\xampp\htdocs\yii-sites\yii\framework\web\helpers\CHtml.php(1217): CHtml::activeInputField('text', Object(LoginForm), 'email', Array)
#3 E:\xampp\htdocs\yii-sites\yii\framework\web\widgets\CActiveForm.php(658): CHtml::activeTextField(Object(LoginForm), 'email', Array)
#4 E:\xampp\htdocs\yii-sites\desired\protected\views\welcome\home.php(20): CActiveForm->textField(Object(LoginForm), 'email')
#5 E:\xampp\htdocs\yii-sites\yii\framework\web\CBaseController.php(127): require('E:\xampp\htdocs...')
#6 E:\xampp\htdocs\yii-sites\yii\framework\web\CBaseController.php(96): CBaseController->renderInternal('E:\xampp\htdocs...', Array, true)
#7 E:\xampp\htdocs\yii-sites\yii\framework\web\CController.php(870): CBaseController->renderFile('E:\xampp\htdocs...', Array, true)
#8 E:\xampp\htdocs\yii-sites\yii\framework\web\CController.php(783): CController->renderPartial('home', Array, true)
#9 E:\xampp\htdocs\yii-sites\desired\protected\controllers\WelcomeController.php(14): CController->render('home', Array)
#10 E:\xampp\htdocs\yii-sites\yii\framework\web\actions\CInlineAction.php(50): WelcomeController->actionHome()
#11 E:\xampp\htdocs\yii-sites\yii\framework\web\CController.php(309): CInlineAction->runWithParams(Array)
#12 E:\xampp\htdocs\yii-sites\yii\framework\web\CController.php(287): CController->runAction(Object(CInlineAction))
#13 E:\xampp\htdocs\yii-sites\yii\framework\web\CController.php(266): CController->runActionWithFilters(Object(CInlineAction), Array)
#14 E:\xampp\htdocs\yii-sites\yii\framework\web\CWebApplication.php(283): CController->run('')
#15 E:\xampp\htdocs\yii-sites\yii\framework\web\CWebApplication.php(142): CWebApplication->runController('')
#16 E:\xampp\htdocs\yii-sites\yii\framework\base\CApplication.php(162): CWebApplication->processRequest()
#17 E:\xampp\htdocs\yii-sites\desired\index.php(13): CApplication->run()
#18 {main}
REQUEST_URI=/yii-sites/desired/
---
2012/09/27 07:47:27 [warning] [application] Failed to set unsafe attribute "rememberMe" of "LoginForm".
in E:\xampp\htdocs\yii-sites\desired\protected\controllers\WelcomeController.php (12)
in E:\xampp\htdocs\yii-sites\desired\index.php (13)
2012/09/27 07:47:29 [warning] [application] Failed to set unsafe attribute "rememberMe" of "LoginForm".
in E:\xampp\htdocs\yii-sites\desired\protected\controllers\WelcomeController.php (12)
in E:\xampp\htdocs\yii-sites\desired\index.php (13)
2012/09/27 07:48:53 [warning] [application] Failed to set unsafe attribute "rememberMe" of "LoginForm".
in E:\xampp\htdocs\yii-sites\desired\protected\controllers\WelcomeController.php (12)
in E:\xampp\htdocs\yii-sites\desired\index.php (13)
2012/09/27 07:52:28 [warning] [application] Failed to set unsafe attribute "rememberMe" of "LoginForm".
in E:\xampp\htdocs\yii-sites\desired\protected\controllers\WelcomeController.php (12)
in E:\xampp\htdocs\yii-sites\desired\index.php (13)
2012/09/27 07:52:42 [warning] [application] Failed to set unsafe attribute "rememberMe" of "LoginForm".
in E:\xampp\htdocs\yii-sites\desired\protected\controllers\WelcomeController.php (12)
in E:\xampp\htdocs\yii-sites\desired\index.php (13)
2012/09/27 07:53:45 [error] [exception.CException] exception 'CException' with message 'Property "LoginForm.username" is not defined.' in E:\xampp\htdocs\yii-sites\yii\framework\base\CComponent.php:131
Stack trace:
#0 E:\xampp\htdocs\yii-sites\desired\protected\models\LoginForm.php(50): CComponent->__get('username')
#1 E:\xampp\htdocs\yii-sites\yii\framework\validators\CInlineValidator.php(43): LoginForm->authenticate('password', Array)
#2 E:\xampp\htdocs\yii-sites\yii\framework\validators\CValidator.php(214): CInlineValidator->validateAttribute(Object(LoginForm), 'password')
#3 E:\xampp\htdocs\yii-sites\yii\framework\base\CModel.php(158): CValidator->validate(Object(LoginForm), NULL)
#4 E:\xampp\htdocs\yii-sites\desired\protected\controllers\WelcomeController.php(14): CModel->validate()
#5 E:\xampp\htdocs\yii-sites\yii\framework\web\actions\CInlineAction.php(50): WelcomeController->actionHome()
#6 E:\xampp\htdocs\yii-sites\yii\framework\web\CController.php(309): CInlineAction->runWithParams(Array)
#7 E:\xampp\htdocs\yii-sites\yii\framework\web\CController.php(287): CController->runAction(Object(CInlineAction))
#8 E:\xampp\htdocs\yii-sites\yii\framework\web\CController.php(266): CController->runActionWithFilters(Object(CInlineAction), Array)
#9 E:\xampp\htdocs\yii-sites\yii\framework\web\CWebApplication.php(283): CController->run('')
#10 E:\xampp\htdocs\yii-sites\yii\framework\web\CWebApplication.php(142): CWebApplication->runController('')
#11 E:\xampp\htdocs\yii-sites\yii\framework\base\CApplication.php(162): CWebApplication->processRequest()
#12 E:\xampp\htdocs\yii-sites\desired\index.php(13): CApplication->run()
#13 {main}
REQUEST_URI=/yii-sites/desired/
HTTP_REFERER=http://localhost/yii-sites/desired/
---
2012/09/27 08:01:22 [error] [exception.CException] exception 'CException' with message 'Property "UserIdentity.email" is not defined.' in E:\xampp\htdocs\yii-sites\yii\framework\base\CComponent.php:131
Stack trace:
#0 E:\xampp\htdocs\yii-sites\desired\protected\components\UserIdentity.php(25): CComponent->__get('email')
#1 E:\xampp\htdocs\yii-sites\desired\protected\models\LoginForm.php(52): UserIdentity->authenticate()
#2 E:\xampp\htdocs\yii-sites\yii\framework\validators\CInlineValidator.php(43): LoginForm->authenticate('password', Array)
#3 E:\xampp\htdocs\yii-sites\yii\framework\validators\CValidator.php(214): CInlineValidator->validateAttribute(Object(LoginForm), 'password')
#4 E:\xampp\htdocs\yii-sites\yii\framework\base\CModel.php(158): CValidator->validate(Object(LoginForm), NULL)
#5 E:\xampp\htdocs\yii-sites\desired\protected\controllers\WelcomeController.php(14): CModel->validate()
#6 E:\xampp\htdocs\yii-sites\yii\framework\web\actions\CInlineAction.php(50): WelcomeController->actionHome()
#7 E:\xampp\htdocs\yii-sites\yii\framework\web\CController.php(309): CInlineAction->runWithParams(Array)
#8 E:\xampp\htdocs\yii-sites\yii\framework\web\CController.php(287): CController->runAction(Object(CInlineAction))
#9 E:\xampp\htdocs\yii-sites\yii\framework\web\CController.php(266): CController->runActionWithFilters(Object(CInlineAction), Array)
#10 E:\xampp\htdocs\yii-sites\yii\framework\web\CWebApplication.php(283): CController->run('')
#11 E:\xampp\htdocs\yii-sites\yii\framework\web\CWebApplication.php(142): CWebApplication->runController('')
#12 E:\xampp\htdocs\yii-sites\yii\framework\base\CApplication.php(162): CWebApplication->processRequest()
#13 E:\xampp\htdocs\yii-sites\desired\index.php(13): CApplication->run()
#14 {main}
REQUEST_URI=/yii-sites/desired/
HTTP_REFERER=http://localhost/yii-sites/desired/
---
2012/09/27 08:02:03 [error] [exception.CException] exception 'CException' with message 'Property "LoginForm.username" is not defined.' in E:\xampp\htdocs\yii-sites\yii\framework\base\CComponent.php:131
Stack trace:
#0 E:\xampp\htdocs\yii-sites\yii\framework\web\helpers\CHtml.php(2158): CComponent->__get('username')
#1 E:\xampp\htdocs\yii-sites\yii\framework\web\helpers\CHtml.php(1887): CHtml::resolveValue(Object(LoginForm), 'username')
#2 E:\xampp\htdocs\yii-sites\yii\framework\web\helpers\CHtml.php(1217): CHtml::activeInputField('text', Object(LoginForm), 'username', Array)
#3 E:\xampp\htdocs\yii-sites\yii\framework\web\widgets\CActiveForm.php(658): CHtml::activeTextField(Object(LoginForm), 'username', Array)
#4 E:\xampp\htdocs\yii-sites\desired\protected\views\site\login.php(29): CActiveForm->textField(Object(LoginForm), 'username')
#5 E:\xampp\htdocs\yii-sites\yii\framework\web\CBaseController.php(127): require('E:\xampp\htdocs...')
#6 E:\xampp\htdocs\yii-sites\yii\framework\web\CBaseController.php(96): CBaseController->renderInternal('E:\xampp\htdocs...', Array, true)
#7 E:\xampp\htdocs\yii-sites\yii\framework\web\CController.php(870): CBaseController->renderFile('E:\xampp\htdocs...', Array, true)
#8 E:\xampp\htdocs\yii-sites\yii\framework\web\CController.php(783): CController->renderPartial('login', Array, true)
#9 E:\xampp\htdocs\yii-sites\desired\protected\controllers\SiteController.php(98): CController->render('login', Array)
#10 E:\xampp\htdocs\yii-sites\yii\framework\web\actions\CInlineAction.php(50): SiteController->actionLogin()
#11 E:\xampp\htdocs\yii-sites\yii\framework\web\CController.php(309): CInlineAction->runWithParams(Array)
#12 E:\xampp\htdocs\yii-sites\yii\framework\web\CController.php(287): CController->runAction(Object(CInlineAction))
#13 E:\xampp\htdocs\yii-sites\yii\framework\web\CController.php(266): CController->runActionWithFilters(Object(CInlineAction), Array)
#14 E:\xampp\htdocs\yii-sites\yii\framework\web\CWebApplication.php(283): CController->run('login')
#15 E:\xampp\htdocs\yii-sites\yii\framework\web\CWebApplication.php(142): CWebApplication->runController('site/login')
#16 E:\xampp\htdocs\yii-sites\yii\framework\base\CApplication.php(162): CWebApplication->processRequest()
#17 E:\xampp\htdocs\yii-sites\desired\index.php(13): CApplication->run()
#18 {main}
REQUEST_URI=/yii-sites/desired/index.php?r=site/login
HTTP_REFERER=http://localhost/yii-sites/desired/
---
2012/09/27 08:03:48 [error] [exception.CException] exception 'CException' with message 'Property "LoginForm.username" is not defined.' in E:\xampp\htdocs\yii-sites\yii\framework\base\CComponent.php:131
Stack trace:
#0 E:\xampp\htdocs\yii-sites\yii\framework\web\helpers\CHtml.php(2158): CComponent->__get('username')
#1 E:\xampp\htdocs\yii-sites\yii\framework\web\helpers\CHtml.php(1887): CHtml::resolveValue(Object(LoginForm), 'username')
#2 E:\xampp\htdocs\yii-sites\yii\framework\web\helpers\CHtml.php(1217): CHtml::activeInputField('text', Object(LoginForm), 'username', Array)
#3 E:\xampp\htdocs\yii-sites\yii\framework\web\widgets\CActiveForm.php(658): CHtml::activeTextField(Object(LoginForm), 'username', Array)
#4 E:\xampp\htdocs\yii-sites\desired\protected\views\site\login.php(29): CActiveForm->textField(Object(LoginForm), 'username')
#5 E:\xampp\htdocs\yii-sites\yii\framework\web\CBaseController.php(127): require('E:\xampp\htdocs...')
#6 E:\xampp\htdocs\yii-sites\yii\framework\web\CBaseController.php(96): CBaseController->renderInternal('E:\xampp\htdocs...', Array, true)
#7 E:\xampp\htdocs\yii-sites\yii\framework\web\CController.php(870): CBaseController->renderFile('E:\xampp\htdocs...', Array, true)
#8 E:\xampp\htdocs\yii-sites\yii\framework\web\CController.php(783): CController->renderPartial('login', Array, true)
#9 E:\xampp\htdocs\yii-sites\desired\protected\controllers\SiteController.php(98): CController->render('login', Array)
#10 E:\xampp\htdocs\yii-sites\yii\framework\web\actions\CInlineAction.php(50): SiteController->actionLogin()
#11 E:\xampp\htdocs\yii-sites\yii\framework\web\CController.php(309): CInlineAction->runWithParams(Array)
#12 E:\xampp\htdocs\yii-sites\yii\framework\web\CController.php(287): CController->runAction(Object(CInlineAction))
#13 E:\xampp\htdocs\yii-sites\yii\framework\web\CController.php(266): CController->runActionWithFilters(Object(CInlineAction), Array)
#14 E:\xampp\htdocs\yii-sites\yii\framework\web\CWebApplication.php(283): CController->run('login')
#15 E:\xampp\htdocs\yii-sites\yii\framework\web\CWebApplication.php(142): CWebApplication->runController('site/login')
#16 E:\xampp\htdocs\yii-sites\yii\framework\base\CApplication.php(162): CWebApplication->processRequest()
#17 E:\xampp\htdocs\yii-sites\desired\index.php(13): CApplication->run()
#18 {main}
REQUEST_URI=/yii-sites/desired/index.php?r=site/login
HTTP_REFERER=http://localhost/yii-sites/desired/
---
2012/09/27 09:07:13 [error] [exception.CException] exception 'CException' with message 'Property "LoginForm.data1" is not defined.' in E:\xampp\htdocs\yii-sites\yii\framework\base\CComponent.php:131
Stack trace:
#0 E:\xampp\htdocs\yii-sites\yii\framework\web\helpers\CHtml.php(2158): CComponent->__get('data1')
#1 E:\xampp\htdocs\yii-sites\yii\framework\web\helpers\CHtml.php(1887): CHtml::resolveValue(Object(LoginForm), 'data1')
#2 E:\xampp\htdocs\yii-sites\yii\framework\web\helpers\CHtml.php(1217): CHtml::activeInputField('text', Object(LoginForm), 'data1', Array)
#3 E:\xampp\htdocs\yii-sites\yii\framework\web\widgets\CActiveForm.php(658): CHtml::activeTextField(Object(LoginForm), 'data1', Array)
#4 E:\xampp\htdocs\yii-sites\desired\protected\views\welcome\home.php(57): CActiveForm->textField(Object(LoginForm), 'data1')
#5 E:\xampp\htdocs\yii-sites\yii\framework\web\CBaseController.php(127): require('E:\xampp\htdocs...')
#6 E:\xampp\htdocs\yii-sites\yii\framework\web\CBaseController.php(96): CBaseController->renderInternal('E:\xampp\htdocs...', Array, true)
#7 E:\xampp\htdocs\yii-sites\yii\framework\web\CController.php(870): CBaseController->renderFile('E:\xampp\htdocs...', Array, true)
#8 E:\xampp\htdocs\yii-sites\yii\framework\web\CController.php(783): CController->renderPartial('home', Array, true)
#9 E:\xampp\htdocs\yii-sites\desired\protected\controllers\WelcomeController.php(17): CController->render('home', Array)
#10 E:\xampp\htdocs\yii-sites\yii\framework\web\actions\CInlineAction.php(50): WelcomeController->actionHome()
#11 E:\xampp\htdocs\yii-sites\yii\framework\web\CController.php(309): CInlineAction->runWithParams(Array)
#12 E:\xampp\htdocs\yii-sites\yii\framework\web\CController.php(287): CController->runAction(Object(CInlineAction))
#13 E:\xampp\htdocs\yii-sites\yii\framework\web\CController.php(266): CController->runActionWithFilters(Object(CInlineAction), Array)
#14 E:\xampp\htdocs\yii-sites\yii\framework\web\CWebApplication.php(283): CController->run('')
#15 E:\xampp\htdocs\yii-sites\yii\framework\web\CWebApplication.php(142): CWebApplication->runController('')
#16 E:\xampp\htdocs\yii-sites\yii\framework\base\CApplication.php(162): CWebApplication->processRequest()
#17 E:\xampp\htdocs\yii-sites\desired\index.php(13): CApplication->run()
#18 {main}
REQUEST_URI=/yii-sites/desired/index.php
---
2012/09/27 09:22:34 [error] [exception.CException] exception 'CException' with message 'Property "LoginForm.data1" is not defined.' in E:\xampp\htdocs\yii-sites\yii\framework\base\CComponent.php:131
Stack trace:
#0 E:\xampp\htdocs\yii-sites\yii\framework\web\helpers\CHtml.php(2158): CComponent->__get('data1')
#1 E:\xampp\htdocs\yii-sites\yii\framework\web\helpers\CHtml.php(1887): CHtml::resolveValue(Object(LoginForm), 'data1')
#2 E:\xampp\htdocs\yii-sites\yii\framework\web\helpers\CHtml.php(1217): CHtml::activeInputField('text', Object(LoginForm), 'data1', Array)
#3 E:\xampp\htdocs\yii-sites\yii\framework\web\widgets\CActiveForm.php(658): CHtml::activeTextField(Object(LoginForm), 'data1', Array)
#4 E:\xampp\htdocs\yii-sites\desired\protected\views\welcome\home.php(57): CActiveForm->textField(Object(LoginForm), 'data1')
#5 E:\xampp\htdocs\yii-sites\yii\framework\web\CBaseController.php(127): require('E:\xampp\htdocs...')
#6 E:\xampp\htdocs\yii-sites\yii\framework\web\CBaseController.php(96): CBaseController->renderInternal('E:\xampp\htdocs...', Array, true)
#7 E:\xampp\htdocs\yii-sites\yii\framework\web\CController.php(870): CBaseController->renderFile('E:\xampp\htdocs...', Array, true)
#8 E:\xampp\htdocs\yii-sites\yii\framework\web\CController.php(783): CController->renderPartial('home', Array, true)
#9 E:\xampp\htdocs\yii-sites\desired\protected\controllers\WelcomeController.php(17): CController->render('home', Array)
#10 E:\xampp\htdocs\yii-sites\yii\framework\web\actions\CInlineAction.php(50): WelcomeController->actionHome()
#11 E:\xampp\htdocs\yii-sites\yii\framework\web\CController.php(309): CInlineAction->runWithParams(Array)
#12 E:\xampp\htdocs\yii-sites\yii\framework\web\CController.php(287): CController->runAction(Object(CInlineAction))
#13 E:\xampp\htdocs\yii-sites\yii\framework\web\CController.php(266): CController->runActionWithFilters(Object(CInlineAction), Array)
#14 E:\xampp\htdocs\yii-sites\yii\framework\web\CWebApplication.php(283): CController->run('')
#15 E:\xampp\htdocs\yii-sites\yii\framework\web\CWebApplication.php(142): CWebApplication->runController('')
#16 E:\xampp\htdocs\yii-sites\yii\framework\base\CApplication.php(162): CWebApplication->processRequest()
#17 E:\xampp\htdocs\yii-sites\desired\index.php(13): CApplication->run()
#18 {main}
REQUEST_URI=/yii-sites/desired/index.php
---
2012/09/27 09:22:34 [error] [exception.CException] exception 'CException' with message 'Property "LoginForm.data1" is not defined.' in E:\xampp\htdocs\yii-sites\yii\framework\base\CComponent.php:131
Stack trace:
#0 E:\xampp\htdocs\yii-sites\yii\framework\web\helpers\CHtml.php(2158): CComponent->__get('data1')
#1 E:\xampp\htdocs\yii-sites\yii\framework\web\helpers\CHtml.php(1887): CHtml::resolveValue(Object(LoginForm), 'data1')
#2 E:\xampp\htdocs\yii-sites\yii\framework\web\helpers\CHtml.php(1217): CHtml::activeInputField('text', Object(LoginForm), 'data1', Array)
#3 E:\xampp\htdocs\yii-sites\yii\framework\web\widgets\CActiveForm.php(658): CHtml::activeTextField(Object(LoginForm), 'data1', Array)
#4 E:\xampp\htdocs\yii-sites\desired\protected\views\welcome\home.php(57): CActiveForm->textField(Object(LoginForm), 'data1')
#5 E:\xampp\htdocs\yii-sites\yii\framework\web\CBaseController.php(127): require('E:\xampp\htdocs...')
#6 E:\xampp\htdocs\yii-sites\yii\framework\web\CBaseController.php(96): CBaseController->renderInternal('E:\xampp\htdocs...', Array, true)
#7 E:\xampp\htdocs\yii-sites\yii\framework\web\CController.php(870): CBaseController->renderFile('E:\xampp\htdocs...', Array, true)
#8 E:\xampp\htdocs\yii-sites\yii\framework\web\CController.php(783): CController->renderPartial('home', Array, true)
#9 E:\xampp\htdocs\yii-sites\desired\protected\controllers\WelcomeController.php(17): CController->render('home', Array)
#10 E:\xampp\htdocs\yii-sites\yii\framework\web\actions\CInlineAction.php(50): WelcomeController->actionHome()
#11 E:\xampp\htdocs\yii-sites\yii\framework\web\CController.php(309): CInlineAction->runWithParams(Array)
#12 E:\xampp\htdocs\yii-sites\yii\framework\web\CController.php(287): CController->runAction(Object(CInlineAction))
#13 E:\xampp\htdocs\yii-sites\yii\framework\web\CController.php(266): CController->runActionWithFilters(Object(CInlineAction), Array)
#14 E:\xampp\htdocs\yii-sites\yii\framework\web\CWebApplication.php(283): CController->run('')
#15 E:\xampp\htdocs\yii-sites\yii\framework\web\CWebApplication.php(142): CWebApplication->runController('')
#16 E:\xampp\htdocs\yii-sites\yii\framework\base\CApplication.php(162): CWebApplication->processRequest()
#17 E:\xampp\htdocs\yii-sites\desired\index.php(13): CApplication->run()
#18 {main}
REQUEST_URI=/yii-sites/desired/index.php
---
2012/09/27 09:23:21 [error] [exception.CException] exception 'CException' with message 'Property "DataForm.password" is not defined.' in E:\xampp\htdocs\yii-sites\yii\framework\base\CComponent.php:131
Stack trace:
#0 E:\xampp\htdocs\yii-sites\yii\framework\web\helpers\CHtml.php(2158): CComponent->__get('password')
#1 E:\xampp\htdocs\yii-sites\yii\framework\web\helpers\CHtml.php(1887): CHtml::resolveValue(Object(DataForm), 'password')
#2 E:\xampp\htdocs\yii-sites\yii\framework\web\helpers\CHtml.php(1217): CHtml::activeInputField('text', Object(DataForm), 'password', Array)
#3 E:\xampp\htdocs\yii-sites\yii\framework\web\widgets\CActiveForm.php(658): CHtml::activeTextField(Object(DataForm), 'password', Array)
#4 E:\xampp\htdocs\yii-sites\desired\protected\views\welcome\home.php(24): CActiveForm->textField(Object(DataForm), 'password')
#5 E:\xampp\htdocs\yii-sites\yii\framework\web\CBaseController.php(127): require('E:\xampp\htdocs...')
#6 E:\xampp\htdocs\yii-sites\yii\framework\web\CBaseController.php(96): CBaseController->renderInternal('E:\xampp\htdocs...', Array, true)
#7 E:\xampp\htdocs\yii-sites\yii\framework\web\CController.php(870): CBaseController->renderFile('E:\xampp\htdocs...', Array, true)
#8 E:\xampp\htdocs\yii-sites\yii\framework\web\CController.php(783): CController->renderPartial('home', Array, true)
#9 E:\xampp\htdocs\yii-sites\desired\protected\controllers\WelcomeController.php(31): CController->render('home', Array)
#10 E:\xampp\htdocs\yii-sites\yii\framework\web\actions\CInlineAction.php(50): WelcomeController->actionHome()
#11 E:\xampp\htdocs\yii-sites\yii\framework\web\CController.php(309): CInlineAction->runWithParams(Array)
#12 E:\xampp\htdocs\yii-sites\yii\framework\web\CController.php(287): CController->runAction(Object(CInlineAction))
#13 E:\xampp\htdocs\yii-sites\yii\framework\web\CController.php(266): CController->runActionWithFilters(Object(CInlineAction), Array)
#14 E:\xampp\htdocs\yii-sites\yii\framework\web\CWebApplication.php(283): CController->run('')
#15 E:\xampp\htdocs\yii-sites\yii\framework\web\CWebApplication.php(142): CWebApplication->runController('')
#16 E:\xampp\htdocs\yii-sites\yii\framework\base\CApplication.php(162): CWebApplication->processRequest()
#17 E:\xampp\htdocs\yii-sites\desired\index.php(13): CApplication->run()
#18 {main}
REQUEST_URI=/yii-sites/desired/index.php
---
2012/09/27 09:25:03 [error] [exception.CException] exception 'CException' with message 'Property "DataForm.password" is not defined.' in E:\xampp\htdocs\yii-sites\yii\framework\base\CComponent.php:131
Stack trace:
#0 E:\xampp\htdocs\yii-sites\yii\framework\web\helpers\CHtml.php(2158): CComponent->__get('password')
#1 E:\xampp\htdocs\yii-sites\yii\framework\web\helpers\CHtml.php(1887): CHtml::resolveValue(Object(DataForm), 'password')
#2 E:\xampp\htdocs\yii-sites\yii\framework\web\helpers\CHtml.php(1217): CHtml::activeInputField('text', Object(DataForm), 'password', Array)
#3 E:\xampp\htdocs\yii-sites\yii\framework\web\widgets\CActiveForm.php(658): CHtml::activeTextField(Object(DataForm), 'password', Array)
#4 E:\xampp\htdocs\yii-sites\desired\protected\views\welcome\home.php(24): CActiveForm->textField(Object(DataForm), 'password')
#5 E:\xampp\htdocs\yii-sites\yii\framework\web\CBaseController.php(127): require('E:\xampp\htdocs...')
#6 E:\xampp\htdocs\yii-sites\yii\framework\web\CBaseController.php(96): CBaseController->renderInternal('E:\xampp\htdocs...', Array, true)
#7 E:\xampp\htdocs\yii-sites\yii\framework\web\CController.php(870): CBaseController->renderFile('E:\xampp\htdocs...', Array, true)
#8 E:\xampp\htdocs\yii-sites\yii\framework\web\CController.php(783): CController->renderPartial('home', Array, true)
#9 E:\xampp\htdocs\yii-sites\desired\protected\controllers\WelcomeController.php(31): CController->render('home', Array)
#10 E:\xampp\htdocs\yii-sites\yii\framework\web\actions\CInlineAction.php(50): WelcomeController->actionHome()
#11 E:\xampp\htdocs\yii-sites\yii\framework\web\CController.php(309): CInlineAction->runWithParams(Array)
#12 E:\xampp\htdocs\yii-sites\yii\framework\web\CController.php(287): CController->runAction(Object(CInlineAction))
#13 E:\xampp\htdocs\yii-sites\yii\framework\web\CController.php(266): CController->runActionWithFilters(Object(CInlineAction), Array)
#14 E:\xampp\htdocs\yii-sites\yii\framework\web\CWebApplication.php(283): CController->run('')
#15 E:\xampp\htdocs\yii-sites\yii\framework\web\CWebApplication.php(142): CWebApplication->runController('')
#16 E:\xampp\htdocs\yii-sites\yii\framework\base\CApplication.php(162): CWebApplication->processRequest()
#17 E:\xampp\htdocs\yii-sites\desired\index.php(13): CApplication->run()
#18 {main}
REQUEST_URI=/yii-sites/desired/index.php
---
2012/09/27 09:25:03 [error] [exception.CException] exception 'CException' with message 'Property "DataForm.password" is not defined.' in E:\xampp\htdocs\yii-sites\yii\framework\base\CComponent.php:131
Stack trace:
#0 E:\xampp\htdocs\yii-sites\yii\framework\web\helpers\CHtml.php(2158): CComponent->__get('password')
#1 E:\xampp\htdocs\yii-sites\yii\framework\web\helpers\CHtml.php(1887): CHtml::resolveValue(Object(DataForm), 'password')
#2 E:\xampp\htdocs\yii-sites\yii\framework\web\helpers\CHtml.php(1217): CHtml::activeInputField('text', Object(DataForm), 'password', Array)
#3 E:\xampp\htdocs\yii-sites\yii\framework\web\widgets\CActiveForm.php(658): CHtml::activeTextField(Object(DataForm), 'password', Array)
#4 E:\xampp\htdocs\yii-sites\desired\protected\views\welcome\home.php(24): CActiveForm->textField(Object(DataForm), 'password')
#5 E:\xampp\htdocs\yii-sites\yii\framework\web\CBaseController.php(127): require('E:\xampp\htdocs...')
#6 E:\xampp\htdocs\yii-sites\yii\framework\web\CBaseController.php(96): CBaseController->renderInternal('E:\xampp\htdocs...', Array, true)
#7 E:\xampp\htdocs\yii-sites\yii\framework\web\CController.php(870): CBaseController->renderFile('E:\xampp\htdocs...', Array, true)
#8 E:\xampp\htdocs\yii-sites\yii\framework\web\CController.php(783): CController->renderPartial('home', Array, true)
#9 E:\xampp\htdocs\yii-sites\desired\protected\controllers\WelcomeController.php(31): CController->render('home', Array)
#10 E:\xampp\htdocs\yii-sites\yii\framework\web\actions\CInlineAction.php(50): WelcomeController->actionHome()
#11 E:\xampp\htdocs\yii-sites\yii\framework\web\CController.php(309): CInlineAction->runWithParams(Array)
#12 E:\xampp\htdocs\yii-sites\yii\framework\web\CController.php(287): CController->runAction(Object(CInlineAction))
#13 E:\xampp\htdocs\yii-sites\yii\framework\web\CController.php(266): CController->runActionWithFilters(Object(CInlineAction), Array)
#14 E:\xampp\htdocs\yii-sites\yii\framework\web\CWebApplication.php(283): CController->run('')
#15 E:\xampp\htdocs\yii-sites\yii\framework\web\CWebApplication.php(142): CWebApplication->runController('')
#16 E:\xampp\htdocs\yii-sites\yii\framework\base\CApplication.php(162): CWebApplication->processRequest()
#17 E:\xampp\htdocs\yii-sites\desired\index.php(13): CApplication->run()
#18 {main}
REQUEST_URI=/yii-sites/desired/index.php
---
2012/09/27 09:25:04 [error] [exception.CException] exception 'CException' with message 'Property "DataForm.password" is not defined.' in E:\xampp\htdocs\yii-sites\yii\framework\base\CComponent.php:131
Stack trace:
#0 E:\xampp\htdocs\yii-sites\yii\framework\web\helpers\CHtml.php(2158): CComponent->__get('password')
#1 E:\xampp\htdocs\yii-sites\yii\framework\web\helpers\CHtml.php(1887): CHtml::resolveValue(Object(DataForm), 'password')
#2 E:\xampp\htdocs\yii-sites\yii\framework\web\helpers\CHtml.php(1217): CHtml::activeInputField('text', Object(DataForm), 'password', Array)
#3 E:\xampp\htdocs\yii-sites\yii\framework\web\widgets\CActiveForm.php(658): CHtml::activeTextField(Object(DataForm), 'password', Array)
#4 E:\xampp\htdocs\yii-sites\desired\protected\views\welcome\home.php(24): CActiveForm->textField(Object(DataForm), 'password')
#5 E:\xampp\htdocs\yii-sites\yii\framework\web\CBaseController.php(127): require('E:\xampp\htdocs...')
#6 E:\xampp\htdocs\yii-sites\yii\framework\web\CBaseController.php(96): CBaseController->renderInternal('E:\xampp\htdocs...', Array, true)
#7 E:\xampp\htdocs\yii-sites\yii\framework\web\CController.php(870): CBaseController->renderFile('E:\xampp\htdocs...', Array, true)
#8 E:\xampp\htdocs\yii-sites\yii\framework\web\CController.php(783): CController->renderPartial('home', Array, true)
#9 E:\xampp\htdocs\yii-sites\desired\protected\controllers\WelcomeController.php(31): CController->render('home', Array)
#10 E:\xampp\htdocs\yii-sites\yii\framework\web\actions\CInlineAction.php(50): WelcomeController->actionHome()
#11 E:\xampp\htdocs\yii-sites\yii\framework\web\CController.php(309): CInlineAction->runWithParams(Array)
#12 E:\xampp\htdocs\yii-sites\yii\framework\web\CController.php(287): CController->runAction(Object(CInlineAction))
#13 E:\xampp\htdocs\yii-sites\yii\framework\web\CController.php(266): CController->runActionWithFilters(Object(CInlineAction), Array)
#14 E:\xampp\htdocs\yii-sites\yii\framework\web\CWebApplication.php(283): CController->run('')
#15 E:\xampp\htdocs\yii-sites\yii\framework\web\CWebApplication.php(142): CWebApplication->runController('')
#16 E:\xampp\htdocs\yii-sites\yii\framework\base\CApplication.php(162): CWebApplication->processRequest()
#17 E:\xampp\htdocs\yii-sites\desired\index.php(13): CApplication->run()
#18 {main}
REQUEST_URI=/yii-sites/desired/index.php
---
2012/09/27 09:25:05 [error] [exception.CException] exception 'CException' with message 'Property "DataForm.password" is not defined.' in E:\xampp\htdocs\yii-sites\yii\framework\base\CComponent.php:131
Stack trace:
#0 E:\xampp\htdocs\yii-sites\yii\framework\web\helpers\CHtml.php(2158): CComponent->__get('password')
#1 E:\xampp\htdocs\yii-sites\yii\framework\web\helpers\CHtml.php(1887): CHtml::resolveValue(Object(DataForm), 'password')
#2 E:\xampp\htdocs\yii-sites\yii\framework\web\helpers\CHtml.php(1217): CHtml::activeInputField('text', Object(DataForm), 'password', Array)
#3 E:\xampp\htdocs\yii-sites\yii\framework\web\widgets\CActiveForm.php(658): CHtml::activeTextField(Object(DataForm), 'password', Array)
#4 E:\xampp\htdocs\yii-sites\desired\protected\views\welcome\home.php(24): CActiveForm->textField(Object(DataForm), 'password')
#5 E:\xampp\htdocs\yii-sites\yii\framework\web\CBaseController.php(127): require('E:\xampp\htdocs...')
#6 E:\xampp\htdocs\yii-sites\yii\framework\web\CBaseController.php(96): CBaseController->renderInternal('E:\xampp\htdocs...', Array, true)
#7 E:\xampp\htdocs\yii-sites\yii\framework\web\CController.php(870): CBaseController->renderFile('E:\xampp\htdocs...', Array, true)
#8 E:\xampp\htdocs\yii-sites\yii\framework\web\CController.php(783): CController->renderPartial('home', Array, true)
#9 E:\xampp\htdocs\yii-sites\desired\protected\controllers\WelcomeController.php(31): CController->render('home', Array)
#10 E:\xampp\htdocs\yii-sites\yii\framework\web\actions\CInlineAction.php(50): WelcomeController->actionHome()
#11 E:\xampp\htdocs\yii-sites\yii\framework\web\CController.php(309): CInlineAction->runWithParams(Array)
#12 E:\xampp\htdocs\yii-sites\yii\framework\web\CController.php(287): CController->runAction(Object(CInlineAction))
#13 E:\xampp\htdocs\yii-sites\yii\framework\web\CController.php(266): CController->runActionWithFilters(Object(CInlineAction), Array)
#14 E:\xampp\htdocs\yii-sites\yii\framework\web\CWebApplication.php(283): CController->run('')
#15 E:\xampp\htdocs\yii-sites\yii\framework\web\CWebApplication.php(142): CWebApplication->runController('')
#16 E:\xampp\htdocs\yii-sites\yii\framework\base\CApplication.php(162): CWebApplication->processRequest()
#17 E:\xampp\htdocs\yii-sites\desired\index.php(13): CApplication->run()
#18 {main}
REQUEST_URI=/yii-sites/desired/index.php
---
2012/09/27 09:25:32 [error] [exception.CException] exception 'CException' with message 'Property "DataForm.password" is not defined.' in E:\xampp\htdocs\yii-sites\yii\framework\base\CComponent.php:131
Stack trace:
#0 E:\xampp\htdocs\yii-sites\yii\framework\web\helpers\CHtml.php(2158): CComponent->__get('password')
#1 E:\xampp\htdocs\yii-sites\yii\framework\web\helpers\CHtml.php(1887): CHtml::resolveValue(Object(DataForm), 'password')
#2 E:\xampp\htdocs\yii-sites\yii\framework\web\helpers\CHtml.php(1217): CHtml::activeInputField('text', Object(DataForm), 'password', Array)
#3 E:\xampp\htdocs\yii-sites\yii\framework\web\widgets\CActiveForm.php(658): CHtml::activeTextField(Object(DataForm), 'password', Array)
#4 E:\xampp\htdocs\yii-sites\desired\protected\views\welcome\home.php(24): CActiveForm->textField(Object(DataForm), 'password')
#5 E:\xampp\htdocs\yii-sites\yii\framework\web\CBaseController.php(127): require('E:\xampp\htdocs...')
#6 E:\xampp\htdocs\yii-sites\yii\framework\web\CBaseController.php(96): CBaseController->renderInternal('E:\xampp\htdocs...', Array, true)
#7 E:\xampp\htdocs\yii-sites\yii\framework\web\CController.php(870): CBaseController->renderFile('E:\xampp\htdocs...', Array, true)
#8 E:\xampp\htdocs\yii-sites\yii\framework\web\CController.php(783): CController->renderPartial('home', Array, true)
#9 E:\xampp\htdocs\yii-sites\desired\protected\controllers\WelcomeController.php(31): CController->render('home', Array)
#10 E:\xampp\htdocs\yii-sites\yii\framework\web\actions\CInlineAction.php(50): WelcomeController->actionHome()
#11 E:\xampp\htdocs\yii-sites\yii\framework\web\CController.php(309): CInlineAction->runWithParams(Array)
#12 E:\xampp\htdocs\yii-sites\yii\framework\web\CController.php(287): CController->runAction(Object(CInlineAction))
#13 E:\xampp\htdocs\yii-sites\yii\framework\web\CController.php(266): CController->runActionWithFilters(Object(CInlineAction), Array)
#14 E:\xampp\htdocs\yii-sites\yii\framework\web\CWebApplication.php(283): CController->run('')
#15 E:\xampp\htdocs\yii-sites\yii\framework\web\CWebApplication.php(142): CWebApplication->runController('')
#16 E:\xampp\htdocs\yii-sites\yii\framework\base\CApplication.php(162): CWebApplication->processRequest()
#17 E:\xampp\htdocs\yii-sites\desired\index.php(13): CApplication->run()
#18 {main}
REQUEST_URI=/yii-sites/desired/index.php
---
2012/09/27 11:48:35 [error] [exception.CException] exception 'CException' with message 'Property "LoginForm.id_user" is not defined.' in E:\xampp\htdocs\yii-sites\yii\framework\base\CComponent.php:131
Stack trace:
#0 E:\xampp\htdocs\yii-sites\yii\framework\web\helpers\CHtml.php(2158): CComponent->__get('id_user')
#1 E:\xampp\htdocs\yii-sites\yii\framework\web\helpers\CHtml.php(1887): CHtml::resolveValue(Object(LoginForm), 'id_user')
#2 E:\xampp\htdocs\yii-sites\yii\framework\web\helpers\CHtml.php(1217): CHtml::activeInputField('text', Object(LoginForm), 'id_user', Array)
#3 E:\xampp\htdocs\yii-sites\yii\framework\web\widgets\CActiveForm.php(658): CHtml::activeTextField(Object(LoginForm), 'id_user', Array)
#4 E:\xampp\htdocs\yii-sites\desired\protected\views\welcome\home.php(63): CActiveForm->textField(Object(LoginForm), 'id_user')
#5 E:\xampp\htdocs\yii-sites\yii\framework\web\CBaseController.php(127): require('E:\xampp\htdocs...')
#6 E:\xampp\htdocs\yii-sites\yii\framework\web\CBaseController.php(96): CBaseController->renderInternal('E:\xampp\htdocs...', Array, true)
#7 E:\xampp\htdocs\yii-sites\yii\framework\web\CController.php(870): CBaseController->renderFile('E:\xampp\htdocs...', Array, true)
#8 E:\xampp\htdocs\yii-sites\yii\framework\web\CController.php(783): CController->renderPartial('home', Array, true)
#9 E:\xampp\htdocs\yii-sites\desired\protected\controllers\WelcomeController.php(31): CController->render('home', Array)
#10 E:\xampp\htdocs\yii-sites\yii\framework\web\actions\CInlineAction.php(50): WelcomeController->actionHome()
#11 E:\xampp\htdocs\yii-sites\yii\framework\web\CController.php(309): CInlineAction->runWithParams(Array)
#12 E:\xampp\htdocs\yii-sites\yii\framework\web\CController.php(287): CController->runAction(Object(CInlineAction))
#13 E:\xampp\htdocs\yii-sites\yii\framework\web\CController.php(266): CController->runActionWithFilters(Object(CInlineAction), Array)
#14 E:\xampp\htdocs\yii-sites\yii\framework\web\CWebApplication.php(283): CController->run('')
#15 E:\xampp\htdocs\yii-sites\yii\framework\web\CWebApplication.php(142): CWebApplication->runController('')
#16 E:\xampp\htdocs\yii-sites\yii\framework\base\CApplication.php(162): CWebApplication->processRequest()
#17 E:\xampp\htdocs\yii-sites\desired\index.php(13): CApplication->run()
#18 {main}
REQUEST_URI=/yii-sites/desired/
---
2012/09/27 11:49:10 [error] [exception.CException] exception 'CException' with message 'Property "DataForm.id_user" is not defined.' in E:\xampp\htdocs\yii-sites\yii\framework\base\CComponent.php:131
Stack trace:
#0 E:\xampp\htdocs\yii-sites\yii\framework\web\helpers\CHtml.php(2158): CComponent->__get('id_user')
#1 E:\xampp\htdocs\yii-sites\yii\framework\web\helpers\CHtml.php(1887): CHtml::resolveValue(Object(DataForm), 'id_user')
#2 E:\xampp\htdocs\yii-sites\yii\framework\web\helpers\CHtml.php(1217): CHtml::activeInputField('text', Object(DataForm), 'id_user', Array)
#3 E:\xampp\htdocs\yii-sites\yii\framework\web\widgets\CActiveForm.php(658): CHtml::activeTextField(Object(DataForm), 'id_user', Array)
#4 E:\xampp\htdocs\yii-sites\desired\protected\views\welcome\home.php(63): CActiveForm->textField(Object(DataForm), 'id_user')
#5 E:\xampp\htdocs\yii-sites\yii\framework\web\CBaseController.php(127): require('E:\xampp\htdocs...')
#6 E:\xampp\htdocs\yii-sites\yii\framework\web\CBaseController.php(96): CBaseController->renderInternal('E:\xampp\htdocs...', Array, true)
#7 E:\xampp\htdocs\yii-sites\yii\framework\web\CController.php(870): CBaseController->renderFile('E:\xampp\htdocs...', Array, true)
#8 E:\xampp\htdocs\yii-sites\yii\framework\web\CController.php(783): CController->renderPartial('home', Array, true)
#9 E:\xampp\htdocs\yii-sites\desired\protected\controllers\WelcomeController.php(31): CController->render('home', Array)
#10 E:\xampp\htdocs\yii-sites\yii\framework\web\actions\CInlineAction.php(50): WelcomeController->actionHome()
#11 E:\xampp\htdocs\yii-sites\yii\framework\web\CController.php(309): CInlineAction->runWithParams(Array)
#12 E:\xampp\htdocs\yii-sites\yii\framework\web\CController.php(287): CController->runAction(Object(CInlineAction))
#13 E:\xampp\htdocs\yii-sites\yii\framework\web\CController.php(266): CController->runActionWithFilters(Object(CInlineAction), Array)
#14 E:\xampp\htdocs\yii-sites\yii\framework\web\CWebApplication.php(283): CController->run('')
#15 E:\xampp\htdocs\yii-sites\yii\framework\web\CWebApplication.php(142): CWebApplication->runController('')
#16 E:\xampp\htdocs\yii-sites\yii\framework\base\CApplication.php(162): CWebApplication->processRequest()
#17 E:\xampp\htdocs\yii-sites\desired\index.php(13): CApplication->run()
#18 {main}
REQUEST_URI=/yii-sites/desired/
---
2012/09/27 11:49:11 [error] [exception.CException] exception 'CException' with message 'Property "DataForm.id_user" is not defined.' in E:\xampp\htdocs\yii-sites\yii\framework\base\CComponent.php:131
Stack trace:
#0 E:\xampp\htdocs\yii-sites\yii\framework\web\helpers\CHtml.php(2158): CComponent->__get('id_user')
#1 E:\xampp\htdocs\yii-sites\yii\framework\web\helpers\CHtml.php(1887): CHtml::resolveValue(Object(DataForm), 'id_user')
#2 E:\xampp\htdocs\yii-sites\yii\framework\web\helpers\CHtml.php(1217): CHtml::activeInputField('text', Object(DataForm), 'id_user', Array)
#3 E:\xampp\htdocs\yii-sites\yii\framework\web\widgets\CActiveForm.php(658): CHtml::activeTextField(Object(DataForm), 'id_user', Array)
#4 E:\xampp\htdocs\yii-sites\desired\protected\views\welcome\home.php(63): CActiveForm->textField(Object(DataForm), 'id_user')
#5 E:\xampp\htdocs\yii-sites\yii\framework\web\CBaseController.php(127): require('E:\xampp\htdocs...')
#6 E:\xampp\htdocs\yii-sites\yii\framework\web\CBaseController.php(96): CBaseController->renderInternal('E:\xampp\htdocs...', Array, true)
#7 E:\xampp\htdocs\yii-sites\yii\framework\web\CController.php(870): CBaseController->renderFile('E:\xampp\htdocs...', Array, true)
#8 E:\xampp\htdocs\yii-sites\yii\framework\web\CController.php(783): CController->renderPartial('home', Array, true)
#9 E:\xampp\htdocs\yii-sites\desired\protected\controllers\WelcomeController.php(31): CController->render('home', Array)
#10 E:\xampp\htdocs\yii-sites\yii\framework\web\actions\CInlineAction.php(50): WelcomeController->actionHome()
#11 E:\xampp\htdocs\yii-sites\yii\framework\web\CController.php(309): CInlineAction->runWithParams(Array)
#12 E:\xampp\htdocs\yii-sites\yii\framework\web\CController.php(287): CController->runAction(Object(CInlineAction))
#13 E:\xampp\htdocs\yii-sites\yii\framework\web\CController.php(266): CController->runActionWithFilters(Object(CInlineAction), Array)
#14 E:\xampp\htdocs\yii-sites\yii\framework\web\CWebApplication.php(283): CController->run('')
#15 E:\xampp\htdocs\yii-sites\yii\framework\web\CWebApplication.php(142): CWebApplication->runController('')
#16 E:\xampp\htdocs\yii-sites\yii\framework\base\CApplication.php(162): CWebApplication->processRequest()
#17 E:\xampp\htdocs\yii-sites\desired\index.php(13): CApplication->run()
#18 {main}
REQUEST_URI=/yii-sites/desired/
---
2012/09/27 13:49:32 [error] [php] Undefined variable: email (E:\xampp\htdocs\yii-sites\desired\protected\models\DataForm.php:47)
Stack trace:
#0 E:\xampp\htdocs\yii-sites\yii\framework\web\CController.php(309): CInlineAction->runWithParams()
#1 E:\xampp\htdocs\yii-sites\yii\framework\web\CController.php(287): WelcomeController->runAction()
#2 E:\xampp\htdocs\yii-sites\yii\framework\web\CController.php(266): WelcomeController->runActionWithFilters()
#3 E:\xampp\htdocs\yii-sites\yii\framework\web\CWebApplication.php(283): WelcomeController->run()
#4 E:\xampp\htdocs\yii-sites\yii\framework\web\CWebApplication.php(142): CWebApplication->runController()
#5 E:\xampp\htdocs\yii-sites\yii\framework\base\CApplication.php(162): CWebApplication->processRequest()
#6 E:\xampp\htdocs\yii-sites\desired\index.php(13): CWebApplication->run()
REQUEST_URI=/yii-sites/desired/index.php
in E:\xampp\htdocs\yii-sites\desired\protected\models\DataForm.php (47)
in E:\xampp\htdocs\yii-sites\desired\protected\controllers\WelcomeController.php (27)
in E:\xampp\htdocs\yii-sites\desired\index.php (13)
2012/09/27 13:50:25 [error] [php] Undefined variable: email (E:\xampp\htdocs\yii-sites\desired\protected\models\DataForm.php:47)
Stack trace:
#0 E:\xampp\htdocs\yii-sites\yii\framework\web\CController.php(309): CInlineAction->runWithParams()
#1 E:\xampp\htdocs\yii-sites\yii\framework\web\CController.php(287): WelcomeController->runAction()
#2 E:\xampp\htdocs\yii-sites\yii\framework\web\CController.php(266): WelcomeController->runActionWithFilters()
#3 E:\xampp\htdocs\yii-sites\yii\framework\web\CWebApplication.php(283): WelcomeController->run()
#4 E:\xampp\htdocs\yii-sites\yii\framework\web\CWebApplication.php(142): CWebApplication->runController()
#5 E:\xampp\htdocs\yii-sites\yii\framework\base\CApplication.php(162): CWebApplication->processRequest()
#6 E:\xampp\htdocs\yii-sites\desired\index.php(13): CWebApplication->run()
REQUEST_URI=/yii-sites/desired/index.php
in E:\xampp\htdocs\yii-sites\desired\protected\models\DataForm.php (47)
in E:\xampp\htdocs\yii-sites\desired\protected\controllers\WelcomeController.php (27)
in E:\xampp\htdocs\yii-sites\desired\index.php (13)
2012/09/27 13:50:26 [error] [php] Undefined variable: email (E:\xampp\htdocs\yii-sites\desired\protected\models\DataForm.php:47)
Stack trace:
#0 E:\xampp\htdocs\yii-sites\yii\framework\web\CController.php(309): CInlineAction->runWithParams()
#1 E:\xampp\htdocs\yii-sites\yii\framework\web\CController.php(287): WelcomeController->runAction()
#2 E:\xampp\htdocs\yii-sites\yii\framework\web\CController.php(266): WelcomeController->runActionWithFilters()
#3 E:\xampp\htdocs\yii-sites\yii\framework\web\CWebApplication.php(283): WelcomeController->run()
#4 E:\xampp\htdocs\yii-sites\yii\framework\web\CWebApplication.php(142): CWebApplication->runController()
#5 E:\xampp\htdocs\yii-sites\yii\framework\base\CApplication.php(162): CWebApplication->processRequest()
#6 E:\xampp\htdocs\yii-sites\desired\index.php(13): CWebApplication->run()
REQUEST_URI=/yii-sites/desired/index.php
in E:\xampp\htdocs\yii-sites\desired\protected\models\DataForm.php (47)
in E:\xampp\htdocs\yii-sites\desired\protected\controllers\WelcomeController.php (27)
in E:\xampp\htdocs\yii-sites\desired\index.php (13)
2012/09/27 13:50:29 [error] [php] Undefined variable: email (E:\xampp\htdocs\yii-sites\desired\protected\models\DataForm.php:47)
Stack trace:
#0 E:\xampp\htdocs\yii-sites\yii\framework\web\CController.php(309): CInlineAction->runWithParams()
#1 E:\xampp\htdocs\yii-sites\yii\framework\web\CController.php(287): WelcomeController->runAction()
#2 E:\xampp\htdocs\yii-sites\yii\framework\web\CController.php(266): WelcomeController->runActionWithFilters()
#3 E:\xampp\htdocs\yii-sites\yii\framework\web\CWebApplication.php(283): WelcomeController->run()
#4 E:\xampp\htdocs\yii-sites\yii\framework\web\CWebApplication.php(142): CWebApplication->runController()
#5 E:\xampp\htdocs\yii-sites\yii\framework\base\CApplication.php(162): CWebApplication->processRequest()
#6 E:\xampp\htdocs\yii-sites\desired\index.php(13): CWebApplication->run()
REQUEST_URI=/yii-sites/desired/index.php
in E:\xampp\htdocs\yii-sites\desired\protected\models\DataForm.php (47)
in E:\xampp\htdocs\yii-sites\desired\protected\controllers\WelcomeController.php (27)
in E:\xampp\htdocs\yii-sites\desired\index.php (13)
2012/09/27 13:52:39 [error] [php] Undefined variable: email (E:\xampp\htdocs\yii-sites\desired\protected\models\DataForm.php:47)
Stack trace:
#0 E:\xampp\htdocs\yii-sites\yii\framework\web\CController.php(309): CInlineAction->runWithParams()
#1 E:\xampp\htdocs\yii-sites\yii\framework\web\CController.php(287): WelcomeController->runAction()
#2 E:\xampp\htdocs\yii-sites\yii\framework\web\CController.php(266): WelcomeController->runActionWithFilters()
#3 E:\xampp\htdocs\yii-sites\yii\framework\web\CWebApplication.php(283): WelcomeController->run()
#4 E:\xampp\htdocs\yii-sites\yii\framework\web\CWebApplication.php(142): CWebApplication->runController()
#5 E:\xampp\htdocs\yii-sites\yii\framework\base\CApplication.php(162): CWebApplication->processRequest()
#6 E:\xampp\htdocs\yii-sites\desired\index.php(13): CWebApplication->run()
REQUEST_URI=/yii-sites/desired/index.php
in E:\xampp\htdocs\yii-sites\desired\protected\models\DataForm.php (47)
in E:\xampp\htdocs\yii-sites\desired\protected\controllers\WelcomeController.php (27)
in E:\xampp\htdocs\yii-sites\desired\index.php (13)
